  main.cpp
C:\Users\simone\source\repos\Minesweeper\Minesweeper\Board.h(26,3): error C2760: syntax error: unexpected token 'identifier', expected ';'
C:\Users\simone\source\repos\Minesweeper\Minesweeper\Board.h(48,4): error C3861: 'm': identifier not found
C:\Users\simone\source\repos\Minesweeper\Minesweeper\Board.h(55,9): error C2065: 'm': undeclared identifier
C:\Users\simone\source\repos\Minesweeper\Minesweeper\Board.h(55,9): error C3861: 'm': identifier not found
C:\Users\simone\source\repos\Minesweeper\Minesweeper\Board.h(56,30): error C2065: 'm': undeclared identifier
C:\Users\simone\source\repos\Minesweeper\Minesweeper\Board.h(56,30): error C3861: 'm': identifier not found
C:\Users\simone\source\repos\Minesweeper\Minesweeper\Board.h(57,20): error C2065: 'm': undeclared identifier
C:\Users\simone\source\repos\Minesweeper\Minesweeper\Board.h(57,20): error C3861: 'm': identifier not found
C:\Users\simone\source\repos\Minesweeper\Minesweeper\Board.h(58,37): error C2065: 'm': undeclared identifier
C:\Users\simone\source\repos\Minesweeper\Minesweeper\Board.h(58,37): error C3861: 'm': identifier not found
C:\Users\simone\source\repos\Minesweeper\Minesweeper\Board.h(59,27): error C2065: 'm': undeclared identifier
C:\Users\simone\source\repos\Minesweeper\Minesweeper\Board.h(59,27): error C3861: 'm': identifier not found
C:\Users\simone\source\repos\Minesweeper\Minesweeper\Board.h(60,44): error C2065: 'm': undeclared identifier
C:\Users\simone\source\repos\Minesweeper\Minesweeper\Board.h(60,44): error C3861: 'm': identifier not found
C:\Users\simone\source\repos\Minesweeper\Minesweeper\Board.h(61,27): error C2065: 'm': undeclared identifier
C:\Users\simone\source\repos\Minesweeper\Minesweeper\Board.h(61,27): error C3861: 'm': identifier not found
C:\Users\simone\source\repos\Minesweeper\Minesweeper\Board.h(62,37): error C2065: 'm': undeclared identifier
C:\Users\simone\source\repos\Minesweeper\Minesweeper\Board.h(62,37): error C3861: 'm': identifier not found
C:\Users\simone\source\repos\Minesweeper\Minesweeper\Board.h(63,20): error C2065: 'm': undeclared identifier
C:\Users\simone\source\repos\Minesweeper\Minesweeper\Board.h(63,20): error C3861: 'm': identifier not found
C:\Users\simone\source\repos\Minesweeper\Minesweeper\Board.h(65,6): error C3861: 'm': identifier not found
C:\Users\simone\source\repos\Minesweeper\Minesweeper\Game.h(24,3): error C3861: 'board': identifier not found
C:\Users\simone\source\repos\Minesweeper\Minesweeper\Game.h(70,3): error C3861: 'matrix': identifier not found
C:\Users\simone\source\repos\Minesweeper\Minesweeper\Game.h(95,5): error C3861: 'initMatrix': identifier not found
C:\Users\simone\source\repos\Minesweeper\Minesweeper\Game.h(95,15): message : 'initMatrix': function declaration must be available as none of the arguments depend on a template parameter
C:\Users\simone\source\repos\Minesweeper\Minesweeper\Game.h(99,4): error C3861: 'm_opened': identifier not found
C:\Users\simone\source\repos\Minesweeper\Minesweeper\Game.h(100,14): error C2065: 'matrix': undeclared identifier
C:\Users\simone\source\repos\Minesweeper\Minesweeper\Game.h(100,14): error C3861: 'matrix': identifier not found
C:\Users\simone\source\repos\Minesweeper\Minesweeper\Game.h(100,22): error C3861: 'revealed': identifier not found
C:\Users\simone\source\repos\Minesweeper\Minesweeper\Game.h(105,8): error C2065: 'm_unopened': undeclared identifier
C:\Users\simone\source\repos\Minesweeper\Minesweeper\Game.h(105,8): error C3861: 'm_unopened': identifier not found
C:\Users\simone\source\repos\Minesweeper\Minesweeper\Game.h(105,22): error C3861: 'm_mines': identifier not found
C:\Users\simone\source\repos\Minesweeper\Minesweeper\main.cpp(227,12): warning C4244: 'argument': conversion from 'time_t' to 'unsigned int', possible loss of data
